2026-05-29 01:25:55,215 [INFO] Starting send-one execution step.
2026-05-29 01:25:55,332 [INFO] Status update: 2 fresh leads, 0 due follow-ups.
2026-05-29 01:25:55,332 [INFO] Selected fresh lead: john.doe@example.com
2026-05-29 01:25:55,332 [INFO] Selected template: template_1.html
2026-05-29 01:25:55,332 [INFO] Dry run finished successfully. No files or emails modified.
2026-05-29 01:26:03,359 [INFO] Running DNS verification for domain: binarygrowth.org
2026-05-29 01:26:03,751 [WARNING] DNS issues detected! Please fix the errors listed above to prevent emails from going to spam.
2026-05-29 01:26:16,284 [INFO] Running DNS verification for domain: binarygrowth.org
2026-05-29 01:26:16,909 [INFO] All DNS checks passed! Your email domain is ready for cold outreach.
2026-05-29 01:26:27,837 [INFO] Running DNS verification for domain: binarygrowth.org
2026-05-29 01:26:28,135 [INFO] All DNS checks passed! Your email domain is ready for cold outreach.
2026-05-28 22:28:46,652 [INFO] Starting send-one execution step.
2026-05-28 22:28:46,653 [INFO] Random sleep scheduling active: sleeping for 39 minutes and 37 seconds...
2026-05-28 23:08:23,659 [INFO] Status update: 0 fresh leads, 0 due follow-ups.
2026-05-28 23:08:23,659 [INFO] No eligible leads to send to. All leads are finished, currently pending, or discarded.
2026-05-29 00:05:10,624 [INFO] Starting send-one execution step.
2026-05-29 00:05:10,624 [INFO] Execution skipped: Today (Friday) is the scheduled day off for this week.
2026-05-29 05:08:28,605 [INFO] Starting send-one execution step.
2026-05-29 05:08:28,606 [INFO] Execution skipped: Today (Friday) is the scheduled day off for this week.
2026-05-29 09:40:11,455 [INFO] Starting send-one execution step.
2026-05-29 09:40:11,455 [INFO] Execution skipped: Today (Friday) is the scheduled day off for this week.
2026-05-29 12:44:02,256 [INFO] Starting send-one execution step.
2026-05-29 12:44:02,256 [INFO] Execution skipped: Today (Friday) is the scheduled day off for this week.
2026-05-29 16:38:19,655 [INFO] Starting send-one execution step.
2026-05-29 16:38:19,655 [INFO] Execution skipped: Today (Friday) is the scheduled day off for this week.
2026-05-29 19:29:25,560 [INFO] Starting send-one execution step.
2026-05-29 19:29:25,560 [INFO] Execution skipped: Today (Friday) is the scheduled day off for this week.
2026-05-29 21:47:41,315 [INFO] Starting send-one execution step.
2026-05-29 21:47:41,315 [INFO] Execution skipped: Today (Friday) is the scheduled day off for this week.
2026-05-29 23:06:38,376 [INFO] Starting send-one execution step.
2026-05-29 23:06:38,376 [INFO] Execution skipped: Today (Friday) is the scheduled day off for this week.
2026-05-30 02:28:03,020 [INFO] Starting send-one execution step.
2026-05-30 02:28:03,020 [INFO] Random sleep scheduling active: sleeping for 19 minutes and 50 seconds...
2026-05-30 02:47:53,025 [INFO] Status update: 0 fresh leads, 0 due follow-ups.
2026-05-30 02:47:53,025 [INFO] No eligible leads to send to. All leads are finished, currently pending, or discarded.
2026-05-30 06:17:49,906 [INFO] Starting send-one execution step.
2026-05-30 06:17:49,907 [INFO] Random sleep scheduling active: sleeping for 21 minutes and 55 seconds...
2026-05-30 06:39:44,911 [INFO] Status update: 0 fresh leads, 0 due follow-ups.
2026-05-30 06:39:44,911 [INFO] No eligible leads to send to. All leads are finished, currently pending, or discarded.
2026-05-30 09:10:57,663 [INFO] Starting send-one execution step.
2026-05-30 09:10:57,663 [INFO] Random sleep scheduling active: sleeping for 25 minutes and 44 seconds...
2026-05-30 09:36:41,668 [INFO] Status update: 0 fresh leads, 0 due follow-ups.
2026-05-30 09:36:41,668 [INFO] No eligible leads to send to. All leads are finished, currently pending, or discarded.
2026-05-30 11:14:52,702 [INFO] Starting send-one execution step.
2026-05-30 11:14:52,702 [INFO] Random sleep scheduling active: sleeping for 22 minutes and 56 seconds...
2026-05-30 11:37:48,707 [INFO] Status update: 0 fresh leads, 0 due follow-ups.
2026-05-30 11:37:48,707 [INFO] No eligible leads to send to. All leads are finished, currently pending, or discarded.
2026-05-30 13:09:34,368 [INFO] Starting send-one execution step.
2026-05-30 13:09:34,368 [INFO] Random sleep scheduling active: sleeping for 23 minutes and 6 seconds...
2026-05-30 13:32:40,372 [INFO] Status update: 0 fresh leads, 0 due follow-ups.
2026-05-30 13:32:40,372 [INFO] No eligible leads to send to. All leads are finished, currently pending, or discarded.
2026-05-30 15:00:54,009 [INFO] Starting send-one execution step.
2026-05-30 15:00:54,010 [INFO] Random sleep scheduling active: sleeping for 7 minutes and 3 seconds...
2026-05-30 15:07:57,014 [INFO] Status update: 0 fresh leads, 0 due follow-ups.
2026-05-30 15:07:57,015 [INFO] No eligible leads to send to. All leads are finished, currently pending, or discarded.
2026-05-30 16:54:11,513 [INFO] Starting send-one execution step.
2026-05-30 16:54:11,513 [INFO] Random sleep scheduling active: sleeping for 34 minutes and 23 seconds...
2026-05-30 17:28:34,518 [INFO] Status update: 0 fresh leads, 0 due follow-ups.
2026-05-30 17:28:34,518 [INFO] No eligible leads to send to. All leads are finished, currently pending, or discarded.
2026-05-30 17:59:22,358 [INFO] Starting send-one execution step.
2026-05-30 17:59:22,358 [INFO] Random sleep scheduling active: sleeping for 19 minutes and 18 seconds...
2026-05-30 18:18:40,363 [INFO] Status update: 0 fresh leads, 0 due follow-ups.
2026-05-30 18:18:40,363 [INFO] No eligible leads to send to. All leads are finished, currently pending, or discarded.
2026-05-30 19:22:49,726 [INFO] Starting send-one execution step.
2026-05-30 19:22:49,726 [INFO] Random sleep scheduling active: sleeping for 40 minutes and 25 seconds...
2026-05-30 20:03:14,730 [INFO] Status update: 0 fresh leads, 0 due follow-ups.
2026-05-30 20:03:14,731 [INFO] No eligible leads to send to. All leads are finished, currently pending, or discarded.
2026-05-30 20:47:35,253 [INFO] Starting send-one execution step.
2026-05-30 20:47:35,254 [INFO] Random sleep scheduling active: sleeping for 41 minutes and 44 seconds...
2026-05-30 21:29:19,258 [INFO] Status update: 0 fresh leads, 0 due follow-ups.
2026-05-30 21:29:19,258 [INFO] No eligible leads to send to. All leads are finished, currently pending, or discarded.
2026-05-30 21:54:09,618 [INFO] Starting send-one execution step.
2026-05-30 21:54:09,619 [INFO] Random sleep scheduling active: sleeping for 39 minutes and 0 seconds...
2026-05-30 22:33:09,623 [INFO] Status update: 0 fresh leads, 0 due follow-ups.
2026-05-30 22:33:09,624 [INFO] No eligible leads to send to. All leads are finished, currently pending, or discarded.
2026-05-30 22:51:53,080 [INFO] Starting send-one execution step.
2026-05-30 22:51:53,080 [INFO] Random sleep scheduling active: sleeping for 21 minutes and 21 seconds...
2026-05-30 23:13:14,084 [INFO] Status update: 0 fresh leads, 0 due follow-ups.
2026-05-30 23:13:14,085 [INFO] No eligible leads to send to. All leads are finished, currently pending, or discarded.
2026-05-30 23:55:49,303 [INFO] Starting send-one execution step.
2026-05-30 23:55:49,303 [INFO] Random sleep scheduling active: sleeping for 45 minutes and 21 seconds...
2026-05-31 00:41:10,308 [INFO] Status update: 0 fresh leads, 0 due follow-ups.
2026-05-31 00:41:10,308 [INFO] No eligible leads to send to. All leads are finished, currently pending, or discarded.
2026-05-31 02:51:39,651 [INFO] Starting send-one execution step.
2026-05-31 02:51:39,651 [INFO] Random sleep scheduling active: sleeping for 11 minutes and 15 seconds...
2026-05-31 03:02:54,656 [INFO] Status update: 0 fresh leads, 0 due follow-ups.
2026-05-31 03:02:54,656 [INFO] No eligible leads to send to. All leads are finished, currently pending, or discarded.
2026-05-31 06:53:41,719 [INFO] Starting send-one execution step.
2026-05-31 06:53:41,719 [INFO] Random sleep scheduling active: sleeping for 8 minutes and 21 seconds...
2026-05-31 07:02:02,724 [INFO] Status update: 0 fresh leads, 0 due follow-ups.
2026-05-31 07:02:02,724 [INFO] No eligible leads to send to. All leads are finished, currently pending, or discarded.
2026-05-31 09:44:43,925 [INFO] Starting send-one execution step.
2026-05-31 09:44:43,926 [INFO] Random sleep scheduling active: sleeping for 38 minutes and 55 seconds...
2026-05-31 10:23:38,930 [INFO] Status update: 0 fresh leads, 0 due follow-ups.
2026-05-31 10:23:38,930 [INFO] No eligible leads to send to. All leads are finished, currently pending, or discarded.
2026-05-31 11:29:50,808 [INFO] Starting send-one execution step.
2026-05-31 11:29:50,808 [INFO] Random sleep scheduling active: sleeping for 48 minutes and 11 seconds...
2026-05-31 12:18:01,813 [INFO] Status update: 0 fresh leads, 0 due follow-ups.
2026-05-31 12:18:01,813 [INFO] No eligible leads to send to. All leads are finished, currently pending, or discarded.
2026-05-31 13:21:00,611 [INFO] Starting send-one execution step.
2026-05-31 13:21:00,612 [INFO] Random sleep scheduling active: sleeping for 9 minutes and 15 seconds...
2026-05-31 13:30:15,616 [INFO] Status update: 0 fresh leads, 0 due follow-ups.
2026-05-31 13:30:15,616 [INFO] No eligible leads to send to. All leads are finished, currently pending, or discarded.
2026-05-31 15:14:31,109 [INFO] Starting send-one execution step.
2026-05-31 15:14:31,109 [INFO] Random sleep scheduling active: sleeping for 29 minutes and 30 seconds...
2026-05-31 15:44:01,113 [INFO] Status update: 0 fresh leads, 0 due follow-ups.
2026-05-31 15:44:01,114 [INFO] No eligible leads to send to. All leads are finished, currently pending, or discarded.
2026-05-31 16:59:18,971 [INFO] Starting send-one execution step.
2026-05-31 16:59:18,972 [INFO] Random sleep scheduling active: sleeping for 12 minutes and 58 seconds...
2026-05-31 17:12:16,976 [INFO] Status update: 0 fresh leads, 0 due follow-ups.
2026-05-31 17:12:16,976 [INFO] No eligible leads to send to. All leads are finished, currently pending, or discarded.
2026-05-31 18:05:43,832 [INFO] Starting send-one execution step.
2026-05-31 18:05:43,833 [INFO] Random sleep scheduling active: sleeping for 11 minutes and 8 seconds...
2026-05-31 18:16:51,837 [INFO] Status update: 0 fresh leads, 0 due follow-ups.
2026-05-31 18:16:51,837 [INFO] No eligible leads to send to. All leads are finished, currently pending, or discarded.
2026-05-31 20:02:32,345 [INFO] Starting send-one execution step.
2026-05-31 20:02:32,346 [INFO] Random sleep scheduling active: sleeping for 36 minutes and 2 seconds...
2026-05-31 20:38:34,350 [INFO] Status update: 0 fresh leads, 0 due follow-ups.
2026-05-31 20:38:34,350 [INFO] No eligible leads to send to. All leads are finished, currently pending, or discarded.
2026-05-31 21:53:20,216 [INFO] Starting send-one execution step.
2026-05-31 21:53:20,217 [INFO] Random sleep scheduling active: sleeping for 9 minutes and 35 seconds...
2026-05-31 22:02:55,221 [INFO] Status update: 0 fresh leads, 0 due follow-ups.
2026-05-31 22:02:55,221 [INFO] No eligible leads to send to. All leads are finished, currently pending, or discarded.
2026-05-31 22:53:29,612 [INFO] Starting send-one execution step.
2026-05-31 22:53:29,612 [INFO] Random sleep scheduling active: sleeping for 34 minutes and 2 seconds...
2026-05-31 23:27:31,617 [INFO] Status update: 0 fresh leads, 0 due follow-ups.
2026-05-31 23:27:31,617 [INFO] No eligible leads to send to. All leads are finished, currently pending, or discarded.
2026-06-01 00:00:32,773 [INFO] Starting send-one execution step.
2026-06-01 00:00:32,773 [INFO] Random sleep scheduling active: sleeping for 30 minutes and 44 seconds...
2026-06-01 00:31:16,778 [INFO] Status update: 0 fresh leads, 0 due follow-ups.
2026-06-01 00:31:16,778 [INFO] No eligible leads to send to. All leads are finished, currently pending, or discarded.
